<?xml version="1.0" encoding="UTF-8"?>
<!-- Generated by org.testng.reporters.JUnitReportReporter -->
<testsuite hostname="DESKTOP-9RJ5S8R" failures="0" tests="1" name="test.RegisterAndLoginPageTest" time="33.933" errors="0" timestamp="2024-04-11T09:50:44 IST" skipped="0">
  <testcase classname="test.RegisterAndLoginPageTest" name="loginWithBlankMobileNumber" time="33.933"/>
</testsuite> <!-- test.RegisterAndLoginPageTest -->
