<?xml version="1.0" encoding="UTF-8"?>
<!-- Generated by org.testng.reporters.JUnitReportReporter -->
<testsuite hostname="DESKTOP-9RJ5S8R" failures="0" tests="1" name="test.RegisterPageTest" time="74.206" errors="0" timestamp="2024-04-10T11:21:19 IST" skipped="0">
  <testcase classname="test.RegisterPageTest" name="verifyChangeMobileNo" time="74.206"/>
</testsuite> <!-- test.RegisterPageTest -->
