<?xml version="1.0" encoding="UTF-8"?>
<!-- Generated by org.testng.reporters.JUnitReportReporter -->
<testsuite hostname="DESKTOP-9RJ5S8R" failures="0" tests="1" name="test.SearchPageTest" time="120.293" errors="0" timestamp="2024-04-10T14:12:22 IST" skipped="0">
  <testcase classname="test.SearchPageTest" name="verifyProductWithCategoryName" time="120.293"/>
</testsuite> <!-- test.SearchPageTest -->
