<?xml version="1.0" encoding="UTF-8"?>
<!-- Generated by org.testng.reporters.JUnitReportReporter -->
<testsuite hostname="DESKTOP-9RJ5S8R" failures="0" tests="1" name="test.AddToCartPageTest" time="46.212" errors="0" timestamp="2024-04-11T18:55:59 IST" skipped="0">
  <testcase classname="test.AddToCartPageTest" name="verifyProductQuickView" time="46.212"/>
</testsuite> <!-- test.AddToCartPageTest -->
